<?xml version="1.0" encoding="UTF-8"?>
<testsuite xmlns:xsi="http://www.w3.org/2001/XMLSchema-instance" xsi:schemaLocation="https://maven.apache.org/surefire/maven-surefire-plugin/xsd/surefire-test-report.xsd" name="TestSuite" time="111.73" tests="5" errors="0" skipped="0" failures="2">
  <properties>
[...]
</properties>
  <testcase name="testJSScript" classname="com.fullstack.batch3.AppTest" time="5.07"/>
  <testcase name="verifyTitle" classname="com.fullstack.batch3.AppTest" time="9.132">
    <failure message="expected [Home] but found [Log In ‹ — WordPress]" type="java.lang.AssertionError">java.lang.AssertionError: expected [Home] but found [Log In ‹ — WordPress]
	at com.fullstack.batch3.AppTest.verifyTitle(AppTest.java:35)
</failure>
    <system-out><![CDATA[2020-09-19 15:20:15,528 [TRACE ] WebSocket08FrameEncoder - Encoding WebSocket Frame opCode=8 length=26
2020-09-19 15:20:19,522 [INFO  ] BasePage - successfull in opening the url
2020-09-19 15:20:19,523 [INFO  ] BasePage - Trying to get title of page 
2020-09-19 15:20:19,524 [INFO  ] BasePage - successfull in opening the url
]]></system-out>
  </testcase>
  <testcase name="testSwitches" classname="com.fullstack.batch3.AppTest" time="11.571"/>
  <testcase name="testNavigation" classname="com.fullstack.batch3.AppTest" time="40.138"/>
  <testcase name="loginWithCorrectCredentials" classname="com.fullstack.batch3.AppTest" time="12.077">
    <failure message="chrome not reachable&#10;  (Session info: chrome=85.0.4183.102)&#10;Build info: version: &apos;4.0.0-alpha-6&apos;, revision: &apos;5f43a29cfc&apos;&#10;System info: host: &apos;CHANDANPC&apos;, ip: &apos;169.254.45.178&apos;, os.name: &apos;Windows 10&apos;, os.arch: &apos;amd64&apos;, os.version: &apos;10.0&apos;, java.version: &apos;1.8.0_191&apos;&#10;Driver info: org.openqa.selenium.chrome.ChromeDriver&#10;Capabilities {acceptInsecureCerts: false, browserName: chrome, browserVersion: 85.0.4183.102, chrome: {chromedriverVersion: 85.0.4183.87 (cd6713ebf92fa..., userDataDir: C:\Users\chandan\AppData\Lo...}, goog:chromeOptions: {debuggerAddress: localhost:17366}, javascriptEnabled: true, networkConnectionEnabled: false, pageLoadStrategy: normal, platform: WINDOWS, platformName: WINDOWS, proxy: Proxy(), setWindowRect: true, strictFileInteractability: false, timeouts: {implicit: 0, pageLoad: 300000, script: 30000}, unhandledPromptBehavior: dismiss and notify, webauthn:virtualAuthenticators: true}&#10;Session ID: ff3b3ca6a63a115e141ef6921f58393d" type="org.openqa.selenium.WebDriverException">org.openqa.selenium.WebDriverException: 
chrome not reachable
  (Session info: chrome=85.0.4183.102)
Build info: version: '4.0.0-alpha-6', revision: '5f43a29cfc'
System info: host: 'CHANDANPC', ip: '169.254.45.178', os.name: 'Windows 10', os.arch: 'amd64', os.version: '10.0', java.version: '1.8.0_191'
Driver info: org.openqa.selenium.chrome.ChromeDriver
Capabilities {acceptInsecureCerts: false, browserName: chrome, browserVersion: 85.0.4183.102, chrome: {chromedriverVersion: 85.0.4183.87 (cd6713ebf92fa..., userDataDir: C:\Users\chandan\AppData\Lo...}, goog:chromeOptions: {debuggerAddress: localhost:17366}, javascriptEnabled: true, networkConnectionEnabled: false, pageLoadStrategy: normal, platform: WINDOWS, platformName: WINDOWS, proxy: Proxy(), setWindowRect: true, strictFileInteractability: false, timeouts: {implicit: 0, pageLoad: 300000, script: 30000}, unhandledPromptBehavior: dismiss and notify, webauthn:virtualAuthenticators: true}
Session ID: ff3b3ca6a63a115e141ef6921f58393d
	at com.fullstack.batch3.AppTest.loginWithCorrectCredentials(AppTest.java:20)
</failure>
    <system-out><![CDATA[2020-09-19 15:20:50,586 [TRACE ] WebSocket08FrameEncoder - Encoding WebSocket Frame opCode=8 length=26
2020-09-19 15:21:16,990 [INFO  ] BasePage - Trying to open url https://testautomasi.com/wp-admin
]]></system-out>
    <system-err><![CDATA[Starting ChromeDriver 85.0.4183.87 (cd6713ebf92fa1cacc0f1a598df280093af0c5d7-refs/branch-heads/4183@{#1689}) on port 34066
Only local connections are allowed.
Please see https://chromedriver.chromium.org/security-considerations for suggestions on keeping ChromeDriver safe.
ChromeDriver was started successfully.
Sep 19, 2020 3:20:56 PM org.openqa.selenium.remote.ProtocolHandshake createSession
INFO: Detected dialect: W3C
[1600509060.851][WARNING]: Timed out connecting to Chrome, retrying...
[1600509068.861][WARNING]: Timed out connecting to Chrome, retrying...
[1600509080.996][WARNING]: Timed out connecting to Chrome, retrying...
]]></system-err>
  </testcase>
</testsuite>